can you address the open comments and fix the tests

---

--- FAIL: TestGeminiCLIHookInstallation (0.05s)
    --- FAIL: TestGeminiCLIHookInstallation/localDev_mode_uses_go_run (0.01s)
        agent_test.go:650: localDev hooks should use 'go run', but settings.json doesn't contain it
FAIL